
=== Sun Apr 26 02:37:17 2026

Packages were changed.
Update Mode: updateDependencies

The following packages were 已添加:
  com.unity.modules.adaptiveperformance@1.0.0
  com.unity.modules.vectorgraphics@1.0.0
The following packages were 已更新:
  com.unity.ai.navigation 从版本 2.0.9 到 2.0.11
  com.unity.collab-proxy 从版本 2.9.3 到 2.11.4
  com.unity.ide.rider 从版本 3.0.38 到 3.0.39
  com.unity.ide.visualstudio 从版本 2.0.23 到 2.0.26
  com.unity.mathematics 从版本 1.3.2 到 1.3.3
  com.unity.memoryprofiler 从版本 1.1.8 到 1.1.11
  com.unity.multiplayer.center 从版本 1.0.0 到 1.0.1
  com.unity.settings-manager 从版本 2.1.0 到 2.1.1
  com.unity.test-framework 从版本 1.5.1 到 1.6.0
  com.unity.testtools.codecoverage 从版本 1.2.6 到 1.3.0
  com.unity.timeline 从版本 1.8.9 到 1.8.11
The following packages were 已移除:
  com.unity.toolchain.linux-x86_64@2.0.10
  com.unity.toolchain.macos-x86_64-linux-x86_64@2.0.10
